New log file opened at Mon Mar 07 03:20:02 JST 2016 by 24957@keima-2.local
jvm 24957@keima-2.local
jvm vmName=Java HotSpot(TM) 64-Bit Server VM vmVendor=Oracle Corporation vmVersion=25.73-b02
jvm specName=Java Virtual Machine Specification specVendor=Oracle Corporation specVersion=1.8
jvm arguments: [-Xms256m, -Xmx1024m, -XX:MetaspaceSize=64m, -XX:MaxMetaspaceSize=256m]
Starting event engine
Starting sbt command engine
Waiting for sbt command engine
Command engine arguments=List()
Command engine baseDirectory=/Users/keima/Downloads/act/MyApp001
Command engine initial remaining commands List(--initialize, onFailure load-failed, boot, server-send-ready-for-request, server-handle-next-server-request)
> --initialize
> initialize
> onFailure load-failed
> boot
> reload
[Loading] Scanning directory /Users/keima/Downloads/act/MyApp001/project
[Loading] Found non-root projects 
[Loading] Done in /Users/keima/Downloads/act/MyApp001/project, returning: ()
deducing auto plugins based on known facts Set(Atom(sbt.plugins.CorePlugin)) and clauses Clauses(List(Clause(Atom(sbt.plugins.JvmPlugin),Set(Atom(sbt.plugins.IvyPlugin))), Clause(Atom(sbt.plugins.JUnitXmlReportPlugin),Set(Atom(sbt.plugins.JvmPlugin))), Clause(Atom(sbt.plugins.CorePlugin),Set(Atom(sbt.plugins.IvyPlugin))), Clause(Atom(sbt.plugins.IvyPlugin),Set(Atom(sbt.plugins.JvmPlugin))), Clause(Atom(sbt.plugins.JvmPlugin),Set(Atom(sbt.plugins.JUnitXmlReportPlugin)))))
  :: deduced result: Matched(sbt.plugins.CorePlugin,sbt.plugins.IvyPlugin,sbt.plugins.JvmPlugin,sbt.plugins.JUnitXmlReportPlugin)
sorting: ns: List(sbt.plugins.CorePlugin, sbt.plugins.IvyPlugin, sbt.plugins.JvmPlugin, sbt.plugins.JUnitXmlReportPlugin)
  :: sorting:: found: List(sbt.plugins.CorePlugin) not found List(sbt.plugins.IvyPlugin, sbt.plugins.JvmPlugin, sbt.plugins.JUnitXmlReportPlugin)
  :: sorting:: found: List(sbt.plugins.CorePlugin, sbt.plugins.IvyPlugin) not found List(sbt.plugins.JvmPlugin, sbt.plugins.JUnitXmlReportPlugin)
  :: sorting:: found: List(sbt.plugins.CorePlugin, sbt.plugins.IvyPlugin, sbt.plugins.JvmPlugin) not found List(sbt.plugins.JUnitXmlReportPlugin)
  :: sorting:: found: List(sbt.plugins.CorePlugin, sbt.plugins.IvyPlugin, sbt.plugins.JvmPlugin, sbt.plugins.JUnitXmlReportPlugin) not found List()
  :: sorted deduced result: List(sbt.plugins.CorePlugin, sbt.plugins.IvyPlugin, sbt.plugins.JvmPlugin, sbt.plugins.JUnitXmlReportPlugin)
[Loading] Done in /Users/keima/Downloads/act/MyApp001/project, returning: (myapp001-build)
Loading project definition from /Users/keima/Downloads/act/MyApp001/project
Running task... Cancel: sbt.TaskCancellationStrategy$Null$@24002a13, check cycles: false

Initial source changes: 
	removed:Set()
	added: Set()
	modified: Set()
Removed products: Set()
External API changes: API Changes: Set()
Modified binary dependencies: Set()
Initial directly invalidated sources: Set()

Sources indirectly invalidated by:
	product: Set()
	binary dep: Set()
	external source: Set()
All initially invalidated sources: Set()

Copy resource mappings: 
	
[Loading] Scanning directory /Users/keima/Downloads/act/MyApp001
[Loading] Found root project root w/ remaining 
deducing auto plugins based on known facts Set(Atom(play.sbt.PlayJava), Atom(play.ebean.sbt.PlayEbean), Atom(sbt.plugins.CorePlugin)) and clauses Clauses(List(Clause(Atom(sbt.plugins.JvmPlugin),Set(Atom(sbt.plugins.IvyPlugin))), Clause(Atom(sbt.plugins.JUnitXmlReportPlugin),Set(Atom(sbt.plugins.JvmPlugin))), Clause(Atom(play.sbt.forkrun.PlayForkRun),Set(Atom(sbt.plugins.BackgroundRunPlugin))), Clause(Atom(play.sbt.forkrun.PlayForkRun),Set(Atom(play.sbt.Play))), Clause(Atom(play.sbt.forkrun.PlayForkRun),Set(Atom(sbt.plugins.SerializersPlugin))), Clause(Atom(play.sbt.Play),Set(Atom(com.typesafe.sbt.packager.archetypes.JavaServerAppPackaging))), Clause(Atom(play.sbt.Play),Set(Atom(play.sbt.routes.RoutesCompiler))), Clause(Atom(play.sbt.Play),Set(Atom(play.twirl.sbt.SbtTwirl))), Clause(Atom(play.sbt.Play),Set(Atom(com.typesafe.sbt.jse.SbtJsTask))), Clause(Atom(play.sbt.PlayAkkaHttpServer),Set(Atom(play.sbt.Play))), Clause(Atom(play.sbt.PlayJava),Set(Atom(play.sbt.Play))), Clause(Atom(play.sbt.PlayLayoutPlugin),Set(Atom(play.sbt.Play))), Clause(Atom(play.sbt.PlayNettyServer),Set(Atom(play.sbt.Play))), Clause(Atom(play.sbt.PlayScala),Set(Atom(play.sbt.Play))), Clause(Atom(play.sbt.routes.RoutesCompiler),Set(Atom(sbt.plugins.JvmPlugin))), Clause(Atom(play.twirl.sbt.SbtTwirl),Set(Atom(sbt.plugins.JvmPlugin))), Clause(Atom(com.typesafe.sbt.packager.archetypes.AkkaAppPackaging),Set(Atom(com.typesafe.sbt.packager.archetypes.JavaAppPackaging))), Clause(Atom(com.typesafe.sbt.packager.archetypes.JavaAppPackaging),Set(Atom(com.typesafe.sbt.packager.windows.WindowsPlugin))), Clause(Atom(com.typesafe.sbt.packager.archetypes.JavaAppPackaging),Set(Atom(com.typesafe.sbt.packager.docker.DockerPlugin))), Clause(Atom(com.typesafe.sbt.packager.archetypes.JavaAppPackaging),Set(Atom(com.typesafe.sbt.packager.debian.DebianPlugin))), Clause(Atom(com.typesafe.sbt.packager.archetypes.JavaAppPackaging),Set(Atom(com.typesafe.sbt.packager.rpm.RpmPlugin))), Clause(Atom(com.typesafe.sbt.packager.archetypes.JavaServerAppPackaging),Set(Atom(com.typesafe.sbt.packager.archetypes.JavaAppPackaging))), Clause(Atom(com.typesafe.sbt.packager.archetypes.jar.ClasspathJarPlugin),Set(Atom(com.typesafe.sbt.packager.archetypes.JavaAppPackaging))), Clause(Atom(com.typesafe.sbt.packager.archetypes.jar.LauncherJarPlugin),Set(Atom(com.typesafe.sbt.packager.archetypes.JavaAppPackaging))), Clause(Atom(com.typesafe.sbt.packager.debian.DebianDeployPlugin),Set(Atom(com.typesafe.sbt.packager.debian.DebianPlugin))), Clause(Atom(com.typesafe.sbt.packager.debian.DebianPlugin),Set(Atom(com.typesafe.sbt.packager.linux.LinuxPlugin))), Clause(Atom(com.typesafe.sbt.packager.debian.JDebPackaging),Set(Atom(com.typesafe.sbt.packager.debian.DebianPlugin))), Clause(Atom(com.typesafe.sbt.packager.docker.DockerPlugin),Set(Atom(com.typesafe.sbt.packager.universal.UniversalPlugin))), Clause(Atom(com.typesafe.sbt.packager.jdkpackager.JDKPackagerDeployPlugin),Set(Atom(com.typesafe.sbt.packager.jdkpackager.JDKPackagerPlugin))), Clause(Atom(com.typesafe.sbt.packager.jdkpackager.JDKPackagerPlugin),Set(Atom(com.typesafe.sbt.packager.archetypes.JavaAppPackaging))), Clause(Atom(com.typesafe.sbt.packager.jdkpackager.JDKPackagerPlugin),Set(Atom(com.typesafe.sbt.packager.archetypes.jar.ClasspathJarPlugin))), Clause(Atom(com.typesafe.sbt.packager.linux.LinuxPlugin),Set(Atom(com.typesafe.sbt.packager.universal.UniversalPlugin))), Clause(Atom(com.typesafe.sbt.packager.rpm.RpmDeployPlugin),Set(Atom(com.typesafe.sbt.packager.rpm.RpmPlugin))), Clause(Atom(com.typesafe.sbt.packager.rpm.RpmPlugin),Set(Atom(com.typesafe.sbt.packager.linux.LinuxPlugin))), Clause(Atom(com.typesafe.sbt.packager.universal.UniversalDeployPlugin),Set(Atom(com.typesafe.sbt.packager.universal.UniversalPlugin))), Clause(Atom(com.typesafe.sbt.packager.universal.UniversalPlugin),Set(Atom(com.typesafe.sbt.SbtNativePackager))), Clause(Atom(com.typesafe.sbt.packager.windows.WindowsDeployPlugin),Set(Atom(com.typesafe.sbt.packager.windows.WindowsPlugin))), Clause(Atom(com.typesafe.sbt.packager.windows.WindowsPlugin),Set(Atom(com.typesafe.sbt.packager.universal.UniversalPlugin))), Clause(Atom(com.typesafe.sbt.web.SbtWeb),Set(Atom(sbt.plugins.JvmPlugin))), Clause(Atom(com.typesafe.sbt.jse.SbtJsEngine),Set(Atom(com.typesafe.sbt.web.SbtWeb))), Clause(Atom(com.typesafe.sbt.jse.SbtJsTask),Set(Atom(com.typesafe.sbt.jse.SbtJsEngine))), Clause(Atom(sbt.plugins.BackgroundRunPlugin),Set(Atom(sbt.plugins.JvmPlugin))), Clause(Atom(com.typesafe.sbt.coffeescript.SbtCoffeeScript),Set(Atom(com.typesafe.sbt.jse.SbtJsTask))), Clause(Atom(com.typesafe.sbt.less.SbtLess),Set(Atom(com.typesafe.sbt.jse.SbtJsTask))), Clause(Atom(com.typesafe.sbt.jshint.SbtJSHint),Set(Atom(com.typesafe.sbt.jse.SbtJsTask))), Clause(Atom(com.typesafe.sbt.rjs.SbtRjs),Set(Atom(com.typesafe.sbt.jse.SbtJsTask))), Clause(Atom(com.typesafe.sbt.digest.SbtDigest),Set(Atom(com.typesafe.sbt.web.SbtWeb))), Clause(Atom(com.typesafe.sbt.mocha.SbtMocha),Set(Atom(com.typesafe.sbt.jse.SbtJsTask))), Clause(Atom(play.ebean.sbt.PlayEbean),Set(Atom(com.typesafe.play.sbt.enhancer.PlayEnhancer))), Clause(Atom(com.typesafe.play.sbt.enhancer.PlayEnhancer),Set(Atom(sbt.plugins.JvmPlugin))), Clause(Atom(sbt.plugins.CorePlugin),Set(Atom(sbt.plugins.IvyPlugin))), Clause(Atom(sbt.plugins.IvyPlugin),Set(Atom(sbt.plugins.JvmPlugin))), Clause(Atom(sbt.plugins.JvmPlugin),Set(Atom(sbt.plugins.JUnitXmlReportPlugin))), Clause(And(Set(Atom(sbt.plugins.BackgroundRunPlugin), Atom(play.sbt.Play), Atom(sbt.plugins.SerializersPlugin))),Set(Atom(play.sbt.forkrun.PlayForkRun))), Clause(Atom(play.sbt.Play),Set(Atom(play.sbt.PlayLayoutPlugin))), Clause(Atom(play.sbt.Play),Set(Atom(play.sbt.PlayNettyServer))), Clause(Atom(com.typesafe.sbt.web.SbtWeb),Set(Atom(com.typesafe.sbt.jse.SbtJsEngine))), Clause(Atom(com.typesafe.sbt.jse.SbtJsEngine),Set(Atom(com.typesafe.sbt.jse.SbtJsTask))), Clause(Atom(sbt.plugins.JvmPlugin),Set(Atom(sbt.plugins.BackgroundRunPlugin))), Clause(Atom(sbt.plugins.CorePlugin),Set(Atom(sbt.plugins.InteractionServicePlugin))), Clause(Atom(sbt.plugins.CorePlugin),Set(Atom(sbt.plugins.SendEventServicePlugin))), Clause(Atom(sbt.plugins.CorePlugin),Set(Atom(sbt.plugins.SerializersPlugin))), Clause(Atom(com.typesafe.sbt.jse.SbtJsTask),Set(Atom(com.typesafe.sbt.coffeescript.SbtCoffeeScript))), Clause(Atom(com.typesafe.sbt.jse.SbtJsTask),Set(Atom(com.typesafe.sbt.less.SbtLess))), Clause(Atom(com.typesafe.sbt.jse.SbtJsTask),Set(Atom(com.typesafe.sbt.jshint.SbtJSHint))), Clause(Atom(com.typesafe.sbt.jse.SbtJsTask),Set(Atom(com.typesafe.sbt.rjs.SbtRjs))), Clause(Atom(com.typesafe.sbt.web.SbtWeb),Set(Atom(com.typesafe.sbt.digest.SbtDigest))), Clause(Atom(com.typesafe.sbt.jse.SbtJsTask),Set(Atom(com.typesafe.sbt.mocha.SbtMocha))), Clause(Atom(sbt.plugins.JvmPlugin),Set(Atom(com.typesafe.play.sbt.enhancer.PlayEnhancer)))))
  :: deduced result: Matched(sbt.plugins.CorePlugin,play.ebean.sbt.PlayEbean,play.sbt.PlayJava,com.typesafe.play.sbt.enhancer.PlayEnhancer,sbt.plugins.InteractionServicePlugin,sbt.plugins.SendEventServicePlugin,play.sbt.Play,sbt.plugins.SerializersPlugin,sbt.plugins.IvyPlugin,com.typesafe.sbt.packager.archetypes.JavaServerAppPackaging,play.twirl.sbt.SbtTwirl,sbt.plugins.JvmPlugin,play.sbt.PlayNettyServer,play.sbt.PlayLayoutPlugin,play.sbt.routes.RoutesCompiler,com.typesafe.sbt.jse.SbtJsTask,com.typesafe.sbt.jshint.SbtJSHint,com.typesafe.sbt.packager.archetypes.JavaAppPackaging,sbt.plugins.JUnitXmlReportPlugin,com.typesafe.sbt.mocha.SbtMocha,com.typesafe.sbt.less.SbtLess,com.typesafe.sbt.rjs.SbtRjs,com.typesafe.sbt.jse.SbtJsEngine,com.typesafe.sbt.coffeescript.SbtCoffeeScript,sbt.plugins.BackgroundRunPlugin,com.typesafe.sbt.packager.rpm.RpmPlugin,com.typesafe.sbt.packager.windows.WindowsPlugin,com.typesafe.sbt.web.SbtWeb,com.typesafe.sbt.packager.docker.DockerPlugin,play.sbt.forkrun.PlayForkRun,com.typesafe.sbt.packager.debian.DebianPlugin,com.typesafe.sbt.digest.SbtDigest,com.typesafe.sbt.packager.universal.UniversalPlugin,com.typesafe.sbt.packager.linux.LinuxPlugin,com.typesafe.sbt.SbtNativePackager)
sorting: ns: List(sbt.plugins.CorePlugin, play.ebean.sbt.PlayEbean, play.sbt.PlayJava, com.typesafe.play.sbt.enhancer.PlayEnhancer, sbt.plugins.InteractionServicePlugin, sbt.plugins.SendEventServicePlugin, play.sbt.Play, sbt.plugins.SerializersPlugin, sbt.plugins.IvyPlugin, com.typesafe.sbt.packager.archetypes.JavaServerAppPackaging, play.twirl.sbt.SbtTwirl, sbt.plugins.JvmPlugin, play.sbt.PlayNettyServer, play.sbt.PlayLayoutPlugin, play.sbt.routes.RoutesCompiler, com.typesafe.sbt.jse.SbtJsTask, com.typesafe.sbt.jshint.SbtJSHint, com.typesafe.sbt.packager.archetypes.JavaAppPackaging, sbt.plugins.JUnitXmlReportPlugin, com.typesafe.sbt.mocha.SbtMocha, com.typesafe.sbt.less.SbtLess, com.typesafe.sbt.rjs.SbtRjs, com.typesafe.sbt.jse.SbtJsEngine, com.typesafe.sbt.coffeescript.SbtCoffeeScript, sbt.plugins.BackgroundRunPlugin, com.typesafe.sbt.packager.rpm.RpmPlugin, com.typesafe.sbt.packager.windows.WindowsPlugin, com.typesafe.sbt.web.SbtWeb, com.typesafe.sbt.packager.docker.DockerPlugin, play.sbt.forkrun.PlayForkRun, com.typesafe.sbt.packager.debian.DebianPlugin, com.typesafe.sbt.digest.SbtDigest, com.typesafe.sbt.packager.universal.UniversalPlugin, com.typesafe.sbt.packager.linux.LinuxPlugin, com.typesafe.sbt.SbtNativePackager)
  :: sorting:: found: List(sbt.plugins.CorePlugin, com.typesafe.sbt.SbtNativePackager) not found List(play.ebean.sbt.PlayEbean, play.sbt.PlayJava, com.typesafe.play.sbt.enhancer.PlayEnhancer, sbt.plugins.InteractionServicePlugin, sbt.plugins.SendEventServicePlugin, play.sbt.Play, sbt.plugins.SerializersPlugin, sbt.plugins.IvyPlugin, com.typesafe.sbt.packager.archetypes.JavaServerAppPackaging, play.twirl.sbt.SbtTwirl, sbt.plugins.JvmPlugin, play.sbt.PlayNettyServer, play.sbt.PlayLayoutPlugin, play.sbt.routes.RoutesCompiler, com.typesafe.sbt.jse.SbtJsTask, com.typesafe.sbt.jshint.SbtJSHint, com.typesafe.sbt.packager.archetypes.JavaAppPackaging, sbt.plugins.JUnitXmlReportPlugin, com.typesafe.sbt.mocha.SbtMocha, com.typesafe.sbt.less.SbtLess, com.typesafe.sbt.rjs.SbtRjs, com.typesafe.sbt.jse.SbtJsEngine, com.typesafe.sbt.coffeescript.SbtCoffeeScript, sbt.plugins.BackgroundRunPlugin, com.typesafe.sbt.packager.rpm.RpmPlugin, com.typesafe.sbt.packager.windows.WindowsPlugin, com.typesafe.sbt.web.SbtWeb, com.typesafe.sbt.packager.docker.DockerPlugin, play.sbt.forkrun.PlayForkRun, com.typesafe.sbt.packager.debian.DebianPlugin, com.typesafe.sbt.digest.SbtDigest, com.typesafe.sbt.packager.universal.UniversalPlugin, com.typesafe.sbt.packager.linux.LinuxPlugin)
  :: sorting:: found: List(sbt.plugins.CorePlugin, com.typesafe.sbt.SbtNativePackager, sbt.plugins.InteractionServicePlugin, sbt.plugins.SendEventServicePlugin, sbt.plugins.SerializersPlugin, sbt.plugins.IvyPlugin, com.typesafe.sbt.packager.universal.UniversalPlugin) not found List(play.ebean.sbt.PlayEbean, play.sbt.PlayJava, com.typesafe.play.sbt.enhancer.PlayEnhancer, play.sbt.Play, com.typesafe.sbt.packager.archetypes.JavaServerAppPackaging, play.twirl.sbt.SbtTwirl, sbt.plugins.JvmPlugin, play.sbt.PlayNettyServer, play.sbt.PlayLayoutPlugin, play.sbt.routes.RoutesCompiler, com.typesafe.sbt.jse.SbtJsTask, com.typesafe.sbt.jshint.SbtJSHint, com.typesafe.sbt.packager.archetypes.JavaAppPackaging, sbt.plugins.JUnitXmlReportPlugin, com.typesafe.sbt.mocha.SbtMocha, com.typesafe.sbt.less.SbtLess, com.typesafe.sbt.rjs.SbtRjs, com.typesafe.sbt.jse.SbtJsEngine, com.typesafe.sbt.coffeescript.SbtCoffeeScript, sbt.plugins.BackgroundRunPlugin, com.typesafe.sbt.packager.rpm.RpmPlugin, com.typesafe.sbt.packager.windows.WindowsPlugin, com.typesafe.sbt.web.SbtWeb, com.typesafe.sbt.packager.docker.DockerPlugin, play.sbt.forkrun.PlayForkRun, com.typesafe.sbt.packager.debian.DebianPlugin, com.typesafe.sbt.digest.SbtDigest, com.typesafe.sbt.packager.linux.LinuxPlugin)
  :: sorting:: found: List(sbt.plugins.CorePlugin, com.typesafe.sbt.SbtNativePackager, sbt.plugins.InteractionServicePlugin, sbt.plugins.SendEventServicePlugin, sbt.plugins.SerializersPlugin, sbt.plugins.IvyPlugin, com.typesafe.sbt.packager.universal.UniversalPlugin, sbt.plugins.JvmPlugin, com.typesafe.sbt.packager.windows.WindowsPlugin, com.typesafe.sbt.packager.docker.DockerPlugin, com.typesafe.sbt.packager.linux.LinuxPlugin) not found List(play.ebean.sbt.PlayEbean, play.sbt.PlayJava, com.typesafe.play.sbt.enhancer.PlayEnhancer, play.sbt.Play, com.typesafe.sbt.packager.archetypes.JavaServerAppPackaging, play.twirl.sbt.SbtTwirl, play.sbt.PlayNettyServer, play.sbt.PlayLayoutPlugin, play.sbt.routes.RoutesCompiler, com.typesafe.sbt.jse.SbtJsTask, com.typesafe.sbt.jshint.SbtJSHint, com.typesafe.sbt.packager.archetypes.JavaAppPackaging, sbt.plugins.JUnitXmlReportPlugin, com.typesafe.sbt.mocha.SbtMocha, com.typesafe.sbt.less.SbtLess, com.typesafe.sbt.rjs.SbtRjs, com.typesafe.sbt.jse.SbtJsEngine, com.typesafe.sbt.coffeescript.SbtCoffeeScript, sbt.plugins.BackgroundRunPlugin, com.typesafe.sbt.packager.rpm.RpmPlugin, com.typesafe.sbt.web.SbtWeb, play.sbt.forkrun.PlayForkRun, com.typesafe.sbt.packager.debian.DebianPlugin, com.typesafe.sbt.digest.SbtDigest)
  :: sorting:: found: List(sbt.plugins.CorePlugin, com.typesafe.sbt.SbtNativePackager, sbt.plugins.InteractionServicePlugin, sbt.plugins.SendEventServicePlugin, sbt.plugins.SerializersPlugin, sbt.plugins.IvyPlugin, com.typesafe.sbt.packager.universal.UniversalPlugin, sbt.plugins.JvmPlugin, com.typesafe.sbt.packager.windows.WindowsPlugin, com.typesafe.sbt.packager.docker.DockerPlugin, com.typesafe.sbt.packager.linux.LinuxPlugin, com.typesafe.play.sbt.enhancer.PlayEnhancer, play.twirl.sbt.SbtTwirl, play.sbt.routes.RoutesCompiler, sbt.plugins.JUnitXmlReportPlugin, sbt.plugins.BackgroundRunPlugin, com.typesafe.sbt.packager.rpm.RpmPlugin, com.typesafe.sbt.web.SbtWeb, com.typesafe.sbt.packager.debian.DebianPlugin) not found List(play.ebean.sbt.PlayEbean, play.sbt.PlayJava, play.sbt.Play, com.typesafe.sbt.packager.archetypes.JavaServerAppPackaging, play.sbt.PlayNettyServer, play.sbt.PlayLayoutPlugin, com.typesafe.sbt.jse.SbtJsTask, com.typesafe.sbt.jshint.SbtJSHint, com.typesafe.sbt.packager.archetypes.JavaAppPackaging, com.typesafe.sbt.mocha.SbtMocha, com.typesafe.sbt.less.SbtLess, com.typesafe.sbt.rjs.SbtRjs, com.typesafe.sbt.jse.SbtJsEngine, com.typesafe.sbt.coffeescript.SbtCoffeeScript, play.sbt.forkrun.PlayForkRun, com.typesafe.sbt.digest.SbtDigest)
  :: sorting:: found: List(sbt.plugins.CorePlugin, com.typesafe.sbt.SbtNativePackager, sbt.plugins.InteractionServicePlugin, sbt.plugins.SendEventServicePlugin, sbt.plugins.SerializersPlugin, sbt.plugins.IvyPlugin, com.typesafe.sbt.packager.universal.UniversalPlugin, sbt.plugins.JvmPlugin, com.typesafe.sbt.packager.windows.WindowsPlugin, com.typesafe.sbt.packager.docker.DockerPlugin, com.typesafe.sbt.packager.linux.LinuxPlugin, com.typesafe.play.sbt.enhancer.PlayEnhancer, play.twirl.sbt.SbtTwirl, play.sbt.routes.RoutesCompiler, sbt.plugins.JUnitXmlReportPlugin, sbt.plugins.BackgroundRunPlugin, com.typesafe.sbt.packager.rpm.RpmPlugin, com.typesafe.sbt.web.SbtWeb, com.typesafe.sbt.packager.debian.DebianPlugin, play.ebean.sbt.PlayEbean, com.typesafe.sbt.packager.archetypes.JavaAppPackaging, com.typesafe.sbt.jse.SbtJsEngine, com.typesafe.sbt.digest.SbtDigest) not found List(play.sbt.PlayJava, play.sbt.Play, com.typesafe.sbt.packager.archetypes.JavaServerAppPackaging, play.sbt.PlayNettyServer, play.sbt.PlayLayoutPlugin, com.typesafe.sbt.jse.SbtJsTask, com.typesafe.sbt.jshint.SbtJSHint, com.typesafe.sbt.mocha.SbtMocha, com.typesafe.sbt.less.SbtLess, com.typesafe.sbt.rjs.SbtRjs, com.typesafe.sbt.coffeescript.SbtCoffeeScript, play.sbt.forkrun.PlayForkRun)
  :: sorting:: found: List(sbt.plugins.CorePlugin, com.typesafe.sbt.SbtNativePackager, sbt.plugins.InteractionServicePlugin, sbt.plugins.SendEventServicePlugin, sbt.plugins.SerializersPlugin, sbt.plugins.IvyPlugin, com.typesafe.sbt.packager.universal.UniversalPlugin, sbt.plugins.JvmPlugin, com.typesafe.sbt.packager.windows.WindowsPlugin, com.typesafe.sbt.packager.docker.DockerPlugin, com.typesafe.sbt.packager.linux.LinuxPlugin, com.typesafe.play.sbt.enhancer.PlayEnhancer, play.twirl.sbt.SbtTwirl, play.sbt.routes.RoutesCompiler, sbt.plugins.JUnitXmlReportPlugin, sbt.plugins.BackgroundRunPlugin, com.typesafe.sbt.packager.rpm.RpmPlugin, com.typesafe.sbt.web.SbtWeb, com.typesafe.sbt.packager.debian.DebianPlugin, play.ebean.sbt.PlayEbean, com.typesafe.sbt.packager.archetypes.JavaAppPackaging, com.typesafe.sbt.jse.SbtJsEngine, com.typesafe.sbt.digest.SbtDigest, com.typesafe.sbt.packager.archetypes.JavaServerAppPackaging, com.typesafe.sbt.jse.SbtJsTask) not found List(play.sbt.PlayJava, play.sbt.Play, play.sbt.PlayNettyServer, play.sbt.PlayLayoutPlugin, com.typesafe.sbt.jshint.SbtJSHint, com.typesafe.sbt.mocha.SbtMocha, com.typesafe.sbt.less.SbtLess, com.typesafe.sbt.rjs.SbtRjs, com.typesafe.sbt.coffeescript.SbtCoffeeScript, play.sbt.forkrun.PlayForkRun)
  :: sorting:: found: List(sbt.plugins.CorePlugin, com.typesafe.sbt.SbtNativePackager, sbt.plugins.InteractionServicePlugin, sbt.plugins.SendEventServicePlugin, sbt.plugins.SerializersPlugin, sbt.plugins.IvyPlugin, com.typesafe.sbt.packager.universal.UniversalPlugin, sbt.plugins.JvmPlugin, com.typesafe.sbt.packager.windows.WindowsPlugin, com.typesafe.sbt.packager.docker.DockerPlugin, com.typesafe.sbt.packager.linux.LinuxPlugin, com.typesafe.play.sbt.enhancer.PlayEnhancer, play.twirl.sbt.SbtTwirl, play.sbt.routes.RoutesCompiler, sbt.plugins.JUnitXmlReportPlugin, sbt.plugins.BackgroundRunPlugin, com.typesafe.sbt.packager.rpm.RpmPlugin, com.typesafe.sbt.web.SbtWeb, com.typesafe.sbt.packager.debian.DebianPlugin, play.ebean.sbt.PlayEbean, com.typesafe.sbt.packager.archetypes.JavaAppPackaging, com.typesafe.sbt.jse.SbtJsEngine, com.typesafe.sbt.digest.SbtDigest, com.typesafe.sbt.packager.archetypes.JavaServerAppPackaging, com.typesafe.sbt.jse.SbtJsTask, play.sbt.Play, com.typesafe.sbt.jshint.SbtJSHint, com.typesafe.sbt.mocha.SbtMocha, com.typesafe.sbt.less.SbtLess, com.typesafe.sbt.rjs.SbtRjs, com.typesafe.sbt.coffeescript.SbtCoffeeScript) not found List(play.sbt.PlayJava, play.sbt.PlayNettyServer, play.sbt.PlayLayoutPlugin, play.sbt.forkrun.PlayForkRun)
  :: sorting:: found: List(sbt.plugins.CorePlugin, com.typesafe.sbt.SbtNativePackager, sbt.plugins.InteractionServicePlugin, sbt.plugins.SendEventServicePlugin, sbt.plugins.SerializersPlugin, sbt.plugins.IvyPlugin, com.typesafe.sbt.packager.universal.UniversalPlugin, sbt.plugins.JvmPlugin, com.typesafe.sbt.packager.windows.WindowsPlugin, com.typesafe.sbt.packager.docker.DockerPlugin, com.typesafe.sbt.packager.linux.LinuxPlugin, com.typesafe.play.sbt.enhancer.PlayEnhancer, play.twirl.sbt.SbtTwirl, play.sbt.routes.RoutesCompiler, sbt.plugins.JUnitXmlReportPlugin, sbt.plugins.BackgroundRunPlugin, com.typesafe.sbt.packager.rpm.RpmPlugin, com.typesafe.sbt.web.SbtWeb, com.typesafe.sbt.packager.debian.DebianPlugin, play.ebean.sbt.PlayEbean, com.typesafe.sbt.packager.archetypes.JavaAppPackaging, com.typesafe.sbt.jse.SbtJsEngine, com.typesafe.sbt.digest.SbtDigest, com.typesafe.sbt.packager.archetypes.JavaServerAppPackaging, com.typesafe.sbt.jse.SbtJsTask, play.sbt.Play, com.typesafe.sbt.jshint.SbtJSHint, com.typesafe.sbt.mocha.SbtMocha, com.typesafe.sbt.less.SbtLess, com.typesafe.sbt.rjs.SbtRjs, com.typesafe.sbt.coffeescript.SbtCoffeeScript, play.sbt.PlayJava, play.sbt.PlayNettyServer, play.sbt.PlayLayoutPlugin, play.sbt.forkrun.PlayForkRun) not found List()
  :: sorted deduced result: List(sbt.plugins.CorePlugin, com.typesafe.sbt.SbtNativePackager, sbt.plugins.InteractionServicePlugin, sbt.plugins.SendEventServicePlugin, sbt.plugins.SerializersPlugin, sbt.plugins.IvyPlugin, com.typesafe.sbt.packager.universal.UniversalPlugin, sbt.plugins.JvmPlugin, com.typesafe.sbt.packager.windows.WindowsPlugin, com.typesafe.sbt.packager.docker.DockerPlugin, com.typesafe.sbt.packager.linux.LinuxPlugin, com.typesafe.play.sbt.enhancer.PlayEnhancer, play.twirl.sbt.SbtTwirl, play.sbt.routes.RoutesCompiler, sbt.plugins.JUnitXmlReportPlugin, sbt.plugins.BackgroundRunPlugin, com.typesafe.sbt.packager.rpm.RpmPlugin, com.typesafe.sbt.web.SbtWeb, com.typesafe.sbt.packager.debian.DebianPlugin, play.ebean.sbt.PlayEbean, com.typesafe.sbt.packager.archetypes.JavaAppPackaging, com.typesafe.sbt.jse.SbtJsEngine, com.typesafe.sbt.digest.SbtDigest, com.typesafe.sbt.packager.archetypes.JavaServerAppPackaging, com.typesafe.sbt.jse.SbtJsTask, play.sbt.Play, com.typesafe.sbt.jshint.SbtJSHint, com.typesafe.sbt.mocha.SbtMocha, com.typesafe.sbt.less.SbtLess, com.typesafe.sbt.rjs.SbtRjs, com.typesafe.sbt.coffeescript.SbtCoffeeScript, play.sbt.PlayJava, play.sbt.PlayNettyServer, play.sbt.PlayLayoutPlugin, play.sbt.forkrun.PlayForkRun)
[Loading] Done in /Users/keima/Downloads/act/MyApp001, returning: (root)
Set current project to MyApp001 (in build file:/Users/keima/Downloads/act/MyApp001/)
Reapplying settings...
Set current project to MyApp001 (in build file:/Users/keima/Downloads/act/MyApp001/)
> iflast shell
> server-send-ready-for-request
> server-handle-next-server-request
> compile
Evaluating tasks: compile:compile
Running task... Cancel: sbt.server.ServerTaskCancellation@76b543fa, check cycles: false

Initial source changes: 
	removed:Set()
	added: Set()
	modified: Set()
Removed products: Set()
External API changes: API Changes: Set()
Modified binary dependencies: Set()
Initial directly invalidated sources: Set()

Sources indirectly invalidated by:
	product: Set()
	binary dep: Set()
	external source: Set()
All initially invalidated sources: Set()

Total time: 2 s, completed 2016/03/07 3:20:13
> server-post-command-cleanup
> server-handle-next-server-request
> {file:/Users/keima/Downloads/act/MyApp001/}root/compile:discoveredMainClasses
Evaluating tasks: compile:discoveredMainClasses
Running task... Cancel: sbt.server.ServerTaskCancellation@2c5fd534, check cycles: false

Initial source changes: 
	removed:Set()
	added: Set()
	modified: Set()
Removed products: Set()
External API changes: API Changes: Set()
Modified binary dependencies: Set()
Initial directly invalidated sources: Set()

Sources indirectly invalidated by:
	product: Set()
	binary dep: Set()
	external source: Set()
All initially invalidated sources: Set()

Total time: 2 s, completed 2016/03/07 3:20:15
> server-post-command-cleanup
> server-handle-next-server-request
> {file:/Users/keima/Downloads/act/MyApp001/}root/compile:mainClass
Evaluating tasks: compile:mainClass
Running task... Cancel: sbt.server.ServerTaskCancellation@4e4c524e, check cycles: false
Total time: 0 s, completed 2016/03/07 3:20:15
> server-post-command-cleanup
> server-handle-next-server-request
> {file:/Users/keima/Downloads/act/MyApp001/}root/compile:discoveredMainClasses
Evaluating tasks: compile:discoveredMainClasses
Running task... Cancel: sbt.server.ServerTaskCancellation@2c39c098, check cycles: false

Initial source changes: 
	removed:Set()
	added: Set()
	modified: Set()
Removed products: Set()
External API changes: API Changes: Set()
Modified binary dependencies: Set()
Initial directly invalidated sources: Set()

Sources indirectly invalidated by:
	product: Set()
	binary dep: Set()
	external source: Set()
All initially invalidated sources: Set()

Total time: 1 s, completed 2016/03/07 3:20:16
> server-post-command-cleanup
> server-handle-next-server-request
> backgroundRun
Evaluating tasks: compile:backgroundRun
Running task... Cancel: sbt.server.ServerTaskCancellation@c81fd1f, check cycles: false
Total time: 0 s, completed 2016/03/07 3:20:23
> server-post-command-cleanup
> server-handle-next-server-request
> {file:/Users/keima/Downloads/act/MyApp001/}root/*:playForkConfig
Evaluating tasks: *:playForkConfig
Running task... Cancel: sbt.server.ServerTaskCancellation@5927b44b, check cycles: false
Total time: 1 s, completed 2016/03/07 3:20:27
> server-post-command-cleanup
> server-handle-next-server-request
> root/playForkNotifyStart http://localhost:9000
Evaluating tasks: *:playForkNotifyStart
Running task... Cancel: sbt.server.ServerTaskCancellation@7616d1c4, check cycles: false
Total time: 0 s, completed 2016/03/07 3:20:28
> server-post-command-cleanup
> server-handle-next-server-request
> {file:/Users/keima/Downloads/act/MyApp001/}root/*:playForkReload
Evaluating tasks: *:playForkReload
Running task... Cancel: sbt.server.ServerTaskCancellation@7b710d38, check cycles: false

Initial source changes: 
	removed:Set()
	added: Set()
	modified: Set()
Removed products: Set()
External API changes: API Changes: Set()
Modified binary dependencies: Set()
Initial directly invalidated sources: Set()

Sources indirectly invalidated by:
	product: Set()
	binary dep: Set()
	external source: Set()
All initially invalidated sources: Set()

Copy resource mappings: 
	(/Users/keima/Downloads/act/MyApp001/conf/application.conf,/Users/keima/Downloads/act/MyApp001/target/scala-2.11/classes/application.conf)
	(/Users/keima/Downloads/act/MyApp001/conf/evolutions,/Users/keima/Downloads/act/MyApp001/target/scala-2.11/classes/evolutions)
	(/Users/keima/Downloads/act/MyApp001/conf/logback.xml,/Users/keima/Downloads/act/MyApp001/target/scala-2.11/classes/logback.xml)
	(/Users/keima/Downloads/act/MyApp001/conf/routes,/Users/keima/Downloads/act/MyApp001/target/scala-2.11/classes/routes)
	(/Users/keima/Downloads/act/MyApp001/conf/evolutions/default,/Users/keima/Downloads/act/MyApp001/target/scala-2.11/classes/evolutions/default)
	(/Users/keima/Downloads/act/MyApp001/conf/evolutions/default/1.sql,/Users/keima/Downloads/act/MyApp001/target/scala-2.11/classes/evolutions/default/1.sql)
Warning: node.js detection failed, sbt will use the Rhino based Trireme JavaScript engine instead to run JavaScript assets compilation, which in some cases may be orders of magnitude slower than using node.js.
Total time: 3 s, completed 2016/03/07 3:20:42
> server-post-command-cleanup
> server-handle-next-server-request
> compile
Evaluating tasks: compile:compile
Running task... Cancel: sbt.server.ServerTaskCancellation@f728a56, check cycles: false

Initial source changes: 
	removed:Set()
	added: Set()
	modified: Set(/Users/keima/Downloads/act/MyApp001/app/controllers/GetStory.java)
Removed products: Set()
External API changes: API Changes: Set()
Modified binary dependencies: Set()
Initial directly invalidated sources: Set(/Users/keima/Downloads/act/MyApp001/app/controllers/GetStory.java)

Sources indirectly invalidated by:
	product: Set()
	binary dep: Set()
	external source: Set()
All initially invalidated sources: Set(/Users/keima/Downloads/act/MyApp001/app/controllers/GetStory.java)

Read from stdout: Compiling 1 Java source to /Users/keima/Downloads/act/MyApp001/target/scala-2.11/classes...
Compiling 1 Java source to /Users/keima/Downloads/act/MyApp001/target/scala-2.11/classes...
Attempting to call com.sun.tools.javac.api.JavacTool@32c2167f directly...
Java compilation took 1.439461288 s
Java analysis took 0.378956179 s
Java compile + analysis took 1.846426911 s
New invalidations:
	Set()
Initial set of included nodes: Set()
Previously invalidated, but (transitively) depend on new invalidations:
	Set()
All newly invalidated sources after taking into account (previously) recompiled sources:Set()
Total time: 3 s, completed 2016/03/07 3:22:00
> server-post-command-cleanup
> server-handle-next-server-request
> jobStop 1
Evaluating tasks: *:jobStop
Running task... Cancel: sbt.server.ServerTaskCancellation@1deac34c, check cycles: false
Total time: 0 s, completed 2016/03/07 3:22:00
> server-post-command-cleanup
> server-handle-next-server-request
> backgroundRun
Evaluating tasks: compile:backgroundRun
Running task... Cancel: sbt.server.ServerTaskCancellation@4aa86756, check cycles: false
Total time: 0 s, completed 2016/03/07 3:22:00
> server-post-command-cleanup
> server-handle-next-server-request
> {file:/Users/keima/Downloads/act/MyApp001/}root/*:playForkConfig
Evaluating tasks: *:playForkConfig
Running task... Cancel: sbt.server.ServerTaskCancellation@65d5b8e8, check cycles: false
Total time: 1 s, completed 2016/03/07 3:22:05
> server-post-command-cleanup
> server-handle-next-server-request
> root/playForkNotifyStart http://localhost:9000
Evaluating tasks: *:playForkNotifyStart
Running task... Cancel: sbt.server.ServerTaskCancellation@22d91d24, check cycles: false
Total time: 0 s, completed 2016/03/07 3:22:07
> server-post-command-cleanup
> server-handle-next-server-request
> {file:/Users/keima/Downloads/act/MyApp001/}root/*:playForkReload
Evaluating tasks: *:playForkReload
Running task... Cancel: sbt.server.ServerTaskCancellation@4c806ca5, check cycles: false

Initial source changes: 
	removed:Set()
	added: Set()
	modified: Set()
Removed products: Set()
External API changes: API Changes: Set()
Modified binary dependencies: Set()
Initial directly invalidated sources: Set()

Sources indirectly invalidated by:
	product: Set()
	binary dep: Set()
	external source: Set()
All initially invalidated sources: Set()

Copy resource mappings: 
	(/Users/keima/Downloads/act/MyApp001/conf/application.conf,/Users/keima/Downloads/act/MyApp001/target/scala-2.11/classes/application.conf)
	(/Users/keima/Downloads/act/MyApp001/conf/evolutions,/Users/keima/Downloads/act/MyApp001/target/scala-2.11/classes/evolutions)
	(/Users/keima/Downloads/act/MyApp001/conf/logback.xml,/Users/keima/Downloads/act/MyApp001/target/scala-2.11/classes/logback.xml)
	(/Users/keima/Downloads/act/MyApp001/conf/routes,/Users/keima/Downloads/act/MyApp001/target/scala-2.11/classes/routes)
	(/Users/keima/Downloads/act/MyApp001/conf/evolutions/default,/Users/keima/Downloads/act/MyApp001/target/scala-2.11/classes/evolutions/default)
	(/Users/keima/Downloads/act/MyApp001/conf/evolutions/default/1.sql,/Users/keima/Downloads/act/MyApp001/target/scala-2.11/classes/evolutions/default/1.sql)
Total time: 2 s, completed 2016/03/07 3:22:10
> server-post-command-cleanup
> server-handle-next-server-request
> compile
Evaluating tasks: compile:compile
Running task... Cancel: sbt.server.ServerTaskCancellation@3f99b089, check cycles: false

Initial source changes: 
	removed:Set()
	added: Set()
	modified: Set(/Users/keima/Downloads/act/MyApp001/app/controllers/GetStory.java)
Removed products: Set()
External API changes: API Changes: Set()
Modified binary dependencies: Set()
Initial directly invalidated sources: Set(/Users/keima/Downloads/act/MyApp001/app/controllers/GetStory.java)

Sources indirectly invalidated by:
	product: Set()
	binary dep: Set()
	external source: Set()
All initially invalidated sources: Set(/Users/keima/Downloads/act/MyApp001/app/controllers/GetStory.java)

Read from stdout: Compiling 1 Java source to /Users/keima/Downloads/act/MyApp001/target/scala-2.11/classes...
Compiling 1 Java source to /Users/keima/Downloads/act/MyApp001/target/scala-2.11/classes...
Attempting to call com.sun.tools.javac.api.JavacTool@58a517f4 directly...
Java compilation took 0.243513847 s
Java analysis took 0.147663215 s
Java compile + analysis took 0.402772886 s
New invalidations:
	Set()
Initial set of included nodes: Set()
Previously invalidated, but (transitively) depend on new invalidations:
	Set()
All newly invalidated sources after taking into account (previously) recompiled sources:Set()
Total time: 1 s, completed 2016/03/07 3:22:57
> server-post-command-cleanup
> server-handle-next-server-request
> jobStop 2
Evaluating tasks: *:jobStop
Running task... Cancel: sbt.server.ServerTaskCancellation@777d6652, check cycles: false
Total time: 0 s, completed 2016/03/07 3:22:57
> server-post-command-cleanup
> server-handle-next-server-request
> backgroundRun
Evaluating tasks: compile:backgroundRun
Running task... Cancel: sbt.server.ServerTaskCancellation@5f7af6ac, check cycles: false
Total time: 0 s, completed 2016/03/07 3:22:57
> server-post-command-cleanup
> server-handle-next-server-request
> {file:/Users/keima/Downloads/act/MyApp001/}root/*:playForkConfig
Evaluating tasks: *:playForkConfig
Running task... Cancel: sbt.server.ServerTaskCancellation@6987afe0, check cycles: false
Total time: 1 s, completed 2016/03/07 3:23:02
> server-post-command-cleanup
> server-handle-next-server-request
> root/playForkNotifyStart http://localhost:9000
Evaluating tasks: *:playForkNotifyStart
Running task... Cancel: sbt.server.ServerTaskCancellation@77952e0c, check cycles: false
Total time: 0 s, completed 2016/03/07 3:23:04
> server-post-command-cleanup
> server-handle-next-server-request
> compile
Evaluating tasks: compile:compile
Running task... Cancel: sbt.server.ServerTaskCancellation@1cb5650a, check cycles: false

Initial source changes: 
	removed:Set()
	added: Set()
	modified: Set(/Users/keima/Downloads/act/MyApp001/app/controllers/GetStory.java)
Removed products: Set()
External API changes: API Changes: Set()
Modified binary dependencies: Set()
Initial directly invalidated sources: Set(/Users/keima/Downloads/act/MyApp001/app/controllers/GetStory.java)

Sources indirectly invalidated by:
	product: Set()
	binary dep: Set()
	external source: Set()
All initially invalidated sources: Set(/Users/keima/Downloads/act/MyApp001/app/controllers/GetStory.java)

Read from stdout: Compiling 1 Java source to /Users/keima/Downloads/act/MyApp001/target/scala-2.11/classes...
Compiling 1 Java source to /Users/keima/Downloads/act/MyApp001/target/scala-2.11/classes...
Attempting to call com.sun.tools.javac.api.JavacTool@1e02dd47 directly...
Java compilation took 0.214807302 s
Java analysis took 0.145145207 s
Java compile + analysis took 0.372517662 s
New invalidations:
	Set()
Initial set of included nodes: Set()
Previously invalidated, but (transitively) depend on new invalidations:
	Set()
All newly invalidated sources after taking into account (previously) recompiled sources:Set()
Total time: 1 s, completed 2016/03/07 3:23:05
> server-post-command-cleanup
> server-handle-next-server-request
> jobStop 3
Evaluating tasks: *:jobStop
Running task... Cancel: sbt.server.ServerTaskCancellation@2b017fc9, check cycles: false
Total time: 0 s, completed 2016/03/07 3:23:05
> server-post-command-cleanup
> server-handle-next-server-request
> backgroundRun
Evaluating tasks: compile:backgroundRun
Running task... Cancel: sbt.server.ServerTaskCancellation@6778b36b, check cycles: false
Total time: 0 s, completed 2016/03/07 3:23:06
> server-post-command-cleanup
> server-handle-next-server-request
> compile
Evaluating tasks: compile:compile
Running task... Cancel: sbt.server.ServerTaskCancellation@6a96f73f, check cycles: false

Initial source changes: 
	removed:Set()
	added: Set()
	modified: Set()
Removed products: Set()
External API changes: API Changes: Set()
Modified binary dependencies: Set()
Initial directly invalidated sources: Set()

Sources indirectly invalidated by:
	product: Set()
	binary dep: Set()
	external source: Set()
All initially invalidated sources: Set()

Total time: 1 s, completed 2016/03/07 3:23:08
> server-post-command-cleanup
> server-handle-next-server-request
> jobStop 3
Evaluating tasks: *:jobStop
Running task... Cancel: sbt.server.ServerTaskCancellation@13b78da3, check cycles: false
Exception in thread "sbt-bg-threads-3" java.lang.Error: java.lang.InterruptedException: sleep interrupted
	at java.util.concurrent.ThreadPoolExecutor.runWorker(ThreadPoolExecutor.java:1148)
	at java.util.concurrent.ThreadPoolExecutor$Worker.run(ThreadPoolExecutor.java:617)
	at java.lang.Thread.run(Thread.java:745)
Caused by: java.lang.InterruptedException: sleep interrupted
	at java.lang.Thread.sleep(Native Method)
	at play.sbt.forkrun.PlayForkProcess$.timedWaitFor(PlayForkProcess.scala:80)
	at play.sbt.forkrun.PlayForkProcess$.play$sbt$forkrun$PlayForkProcess$$stop$1(PlayForkProcess.scala:54)
	at play.sbt.forkrun.PlayForkProcess$.run(PlayForkProcess.scala:70)
	at play.sbt.forkrun.PlayForkProcess$.apply(PlayForkProcess.scala:35)
	at play.sbt.forkrun.PlayForkRun$$anonfun$backgroundForkRunTask$1$$anonfun$apply$7$$anonfun$apply$8$$anonfun$apply$9.apply(PlayForkRun.scala:108)
	at play.sbt.forkrun.PlayForkRun$$anonfun$backgroundForkRunTask$1$$anonfun$apply$7$$anonfun$apply$8$$anonfun$apply$9.apply(PlayForkRun.scala:107)
	at sbt.BackgroundThreadPool$$anonfun$1.apply$mcV$sp(AbstractBackgroundJobService.scala:134)
	at sbt.BackgroundThreadPool$BackgroundRunnable.run(AbstractBackgroundJobService.scala:68)
	at java.util.concurrent.ThreadPoolExecutor.runWorker(ThreadPoolExecutor.java:1142)
	... 2 more
Total time: 0 s, completed 2016/03/07 3:23:08
> server-post-command-cleanup
> server-handle-next-server-request
> jobStop 4
Evaluating tasks: *:jobStop
Running task... Cancel: sbt.server.ServerTaskCancellation@8bf1508, check cycles: false
Total time: 0 s, completed 2016/03/07 3:23:08
> server-post-command-cleanup
> server-handle-next-server-request
> backgroundRun
Evaluating tasks: compile:backgroundRun
Running task... Cancel: sbt.server.ServerTaskCancellation@1f7c83b, check cycles: false
Total time: 0 s, completed 2016/03/07 3:23:08
> server-post-command-cleanup
> server-handle-next-server-request
> {file:/Users/keima/Downloads/act/MyApp001/}root/*:playForkConfig
Evaluating tasks: *:playForkConfig
Running task... Cancel: sbt.server.ServerTaskCancellation@39452b8b, check cycles: false
Total time: 0 s, completed 2016/03/07 3:23:13
> server-post-command-cleanup
> server-handle-next-server-request
> root/playForkNotifyStart http://localhost:9000
Evaluating tasks: *:playForkNotifyStart
Running task... Cancel: sbt.server.ServerTaskCancellation@12a52254, check cycles: false
Total time: 0 s, completed 2016/03/07 3:23:15
> server-post-command-cleanup
> server-handle-next-server-request
> {file:/Users/keima/Downloads/act/MyApp001/}root/*:playForkReload
Evaluating tasks: *:playForkReload
Running task... Cancel: sbt.server.ServerTaskCancellation@39c7df43, check cycles: false

Initial source changes: 
	removed:Set()
	added: Set()
	modified: Set()
Removed products: Set()
External API changes: API Changes: Set()
Modified binary dependencies: Set()
Initial directly invalidated sources: Set()

Sources indirectly invalidated by:
	product: Set()
	binary dep: Set()
	external source: Set()
All initially invalidated sources: Set()

Copy resource mappings: 
	(/Users/keima/Downloads/act/MyApp001/conf/application.conf,/Users/keima/Downloads/act/MyApp001/target/scala-2.11/classes/application.conf)
	(/Users/keima/Downloads/act/MyApp001/conf/evolutions,/Users/keima/Downloads/act/MyApp001/target/scala-2.11/classes/evolutions)
	(/Users/keima/Downloads/act/MyApp001/conf/logback.xml,/Users/keima/Downloads/act/MyApp001/target/scala-2.11/classes/logback.xml)
	(/Users/keima/Downloads/act/MyApp001/conf/routes,/Users/keima/Downloads/act/MyApp001/target/scala-2.11/classes/routes)
	(/Users/keima/Downloads/act/MyApp001/conf/evolutions/default,/Users/keima/Downloads/act/MyApp001/target/scala-2.11/classes/evolutions/default)
	(/Users/keima/Downloads/act/MyApp001/conf/evolutions/default/1.sql,/Users/keima/Downloads/act/MyApp001/target/scala-2.11/classes/evolutions/default/1.sql)
Total time: 2 s, completed 2016/03/07 3:23:18
> server-post-command-cleanup
> server-handle-next-server-request
> compile
Evaluating tasks: compile:compile
Running task... Cancel: sbt.server.ServerTaskCancellation@6a345edd, check cycles: false

Initial source changes: 
	removed:Set()
	added: Set()
	modified: Set(/Users/keima/Downloads/act/MyApp001/app/controllers/GetStory.java)
Removed products: Set()
External API changes: API Changes: Set()
Modified binary dependencies: Set()
Initial directly invalidated sources: Set(/Users/keima/Downloads/act/MyApp001/app/controllers/GetStory.java)

Sources indirectly invalidated by:
	product: Set()
	binary dep: Set()
	external source: Set()
All initially invalidated sources: Set(/Users/keima/Downloads/act/MyApp001/app/controllers/GetStory.java)

Read from stdout: Compiling 1 Java source to /Users/keima/Downloads/act/MyApp001/target/scala-2.11/classes...
Compiling 1 Java source to /Users/keima/Downloads/act/MyApp001/target/scala-2.11/classes...
Attempting to call com.sun.tools.javac.api.JavacTool@821c352 directly...
Java compilation took 0.261123349 s
Java analysis took 0.144830005 s
Java compile + analysis took 0.418088714 s
New invalidations:
	Set()
Initial set of included nodes: Set()
Previously invalidated, but (transitively) depend on new invalidations:
	Set()
All newly invalidated sources after taking into account (previously) recompiled sources:Set()
Total time: 1 s, completed 2016/03/07 3:24:12
> server-post-command-cleanup
> server-handle-next-server-request
> jobStop 5
Evaluating tasks: *:jobStop
Running task... Cancel: sbt.server.ServerTaskCancellation@6f7e5d08, check cycles: false
Total time: 0 s, completed 2016/03/07 3:24:12
> server-post-command-cleanup
> server-handle-next-server-request
> backgroundRun
Evaluating tasks: compile:backgroundRun
Running task... Cancel: sbt.server.ServerTaskCancellation@3268490c, check cycles: false
Total time: 0 s, completed 2016/03/07 3:24:13
> server-post-command-cleanup
> server-handle-next-server-request
> {file:/Users/keima/Downloads/act/MyApp001/}root/*:playForkConfig
Evaluating tasks: *:playForkConfig
Running task... Cancel: sbt.server.ServerTaskCancellation@292fccc4, check cycles: false
Total time: 0 s, completed 2016/03/07 3:24:17
> server-post-command-cleanup
> server-handle-next-server-request
> root/playForkNotifyStart http://localhost:9000
Evaluating tasks: *:playForkNotifyStart
Running task... Cancel: sbt.server.ServerTaskCancellation@444fa055, check cycles: false
Total time: 0 s, completed 2016/03/07 3:24:19
> server-post-command-cleanup
> server-handle-next-server-request
> {file:/Users/keima/Downloads/act/MyApp001/}root/*:playForkReload
Evaluating tasks: *:playForkReload
Running task... Cancel: sbt.server.ServerTaskCancellation@875f5ab, check cycles: false

Initial source changes: 
	removed:Set()
	added: Set()
	modified: Set()
Removed products: Set()
External API changes: API Changes: Set()
Modified binary dependencies: Set()
Initial directly invalidated sources: Set()

Sources indirectly invalidated by:
	product: Set()
	binary dep: Set()
	external source: Set()
All initially invalidated sources: Set()

Copy resource mappings: 
	(/Users/keima/Downloads/act/MyApp001/conf/application.conf,/Users/keima/Downloads/act/MyApp001/target/scala-2.11/classes/application.conf)
	(/Users/keima/Downloads/act/MyApp001/conf/evolutions,/Users/keima/Downloads/act/MyApp001/target/scala-2.11/classes/evolutions)
	(/Users/keima/Downloads/act/MyApp001/conf/logback.xml,/Users/keima/Downloads/act/MyApp001/target/scala-2.11/classes/logback.xml)
	(/Users/keima/Downloads/act/MyApp001/conf/routes,/Users/keima/Downloads/act/MyApp001/target/scala-2.11/classes/routes)
	(/Users/keima/Downloads/act/MyApp001/conf/evolutions/default,/Users/keima/Downloads/act/MyApp001/target/scala-2.11/classes/evolutions/default)
	(/Users/keima/Downloads/act/MyApp001/conf/evolutions/default/1.sql,/Users/keima/Downloads/act/MyApp001/target/scala-2.11/classes/evolutions/default/1.sql)
Total time: 1 s, completed 2016/03/07 3:24:21
> server-post-command-cleanup
> server-handle-next-server-request
> jobStop 6
Evaluating tasks: *:jobStop
Running task... Cancel: sbt.server.ServerTaskCancellation@43c24b80, check cycles: false
Total time: 0 s, completed 2016/03/07 3:24:52
> server-post-command-cleanup
> server-handle-next-server-request
> compile
Evaluating tasks: compile:compile
Running task... Cancel: sbt.server.ServerTaskCancellation@5690acdc, check cycles: false

Initial source changes: 
	removed:Set()
	added: Set()
	modified: Set(/Users/keima/Downloads/act/MyApp001/app/controllers/GetStory.java)
Removed products: Set()
External API changes: API Changes: Set()
Modified binary dependencies: Set()
Initial directly invalidated sources: Set(/Users/keima/Downloads/act/MyApp001/app/controllers/GetStory.java)

Sources indirectly invalidated by:
	product: Set()
	binary dep: Set()
	external source: Set()
All initially invalidated sources: Set(/Users/keima/Downloads/act/MyApp001/app/controllers/GetStory.java)

Read from stdout: Compiling 1 Java source to /Users/keima/Downloads/act/MyApp001/target/scala-2.11/classes...
Compiling 1 Java source to /Users/keima/Downloads/act/MyApp001/target/scala-2.11/classes...
Attempting to call com.sun.tools.javac.api.JavacTool@48a2bcad directly...
Read from stdout: /Users/keima/Downloads/act/MyApp001/app/controllers/GetStory.java:56: ';'がありません
/Users/keima/Downloads/act/MyApp001/app/controllers/GetStory.java:56: ';'がありません
Read from stdout: (compile:compileIncremental) javac returned nonzero exit code
(compile:compileIncremental) javac returned nonzero exit code
Total time: 1 s, completed 2016/03/07 3:33:14
> server-post-command-error-handler
> server-post-command-cleanup
> server-handle-next-server-request
> compile
Evaluating tasks: compile:compile
Running task... Cancel: sbt.server.ServerTaskCancellation@352277d5, check cycles: false

Initial source changes: 
	removed:Set()
	added: Set()
	modified: Set(/Users/keima/Downloads/act/MyApp001/app/controllers/GetStory.java)
Removed products: Set()
External API changes: API Changes: Set()
Modified binary dependencies: Set()
Initial directly invalidated sources: Set(/Users/keima/Downloads/act/MyApp001/app/controllers/GetStory.java)

Sources indirectly invalidated by:
	product: Set()
	binary dep: Set()
	external source: Set()
All initially invalidated sources: Set(/Users/keima/Downloads/act/MyApp001/app/controllers/GetStory.java)

Read from stdout: Compiling 1 Java source to /Users/keima/Downloads/act/MyApp001/target/scala-2.11/classes...
Compiling 1 Java source to /Users/keima/Downloads/act/MyApp001/target/scala-2.11/classes...
Attempting to call com.sun.tools.javac.api.JavacTool@7da40c2e directly...
Java compilation took 0.199523873 s
Java analysis took 0.634376145 s
Java compile + analysis took 0.843612174 s
New invalidations:
	Set()
Initial set of included nodes: Set()
Previously invalidated, but (transitively) depend on new invalidations:
	Set()
All newly invalidated sources after taking into account (previously) recompiled sources:Set()
Total time: 1 s, completed 2016/03/07 3:33:21
> server-post-command-cleanup
> server-handle-next-server-request
> backgroundRun
Evaluating tasks: compile:backgroundRun
Running task... Cancel: sbt.server.ServerTaskCancellation@52f65ac1, check cycles: false
Total time: 0 s, completed 2016/03/07 3:33:22
> server-post-command-cleanup
> server-handle-next-server-request
> {file:/Users/keima/Downloads/act/MyApp001/}root/*:playForkConfig
Evaluating tasks: *:playForkConfig
Running task... Cancel: sbt.server.ServerTaskCancellation@1dcf0bd1, check cycles: false
Total time: 0 s, completed 2016/03/07 3:33:26
> server-post-command-cleanup
> server-handle-next-server-request
> compile
Evaluating tasks: compile:compile
Running task... Cancel: sbt.server.ServerTaskCancellation@2f43c930, check cycles: false

Initial source changes: 
	removed:Set()
	added: Set()
	modified: Set(/Users/keima/Downloads/act/MyApp001/app/controllers/GetStory.java)
Removed products: Set()
External API changes: API Changes: Set()
Modified binary dependencies: Set()
Initial directly invalidated sources: Set(/Users/keima/Downloads/act/MyApp001/app/controllers/GetStory.java)

Sources indirectly invalidated by:
	product: Set()
	binary dep: Set()
	external source: Set()
All initially invalidated sources: Set(/Users/keima/Downloads/act/MyApp001/app/controllers/GetStory.java)

Read from stdout: Compiling 1 Java source to /Users/keima/Downloads/act/MyApp001/target/scala-2.11/classes...
Compiling 1 Java source to /Users/keima/Downloads/act/MyApp001/target/scala-2.11/classes...
Attempting to call com.sun.tools.javac.api.JavacTool@60908625 directly...
Java compilation took 0.281066208 s
Java analysis took 0.144983033 s
Java compile + analysis took 0.448023292 s
New invalidations:
	Set()
Initial set of included nodes: Set()
Previously invalidated, but (transitively) depend on new invalidations:
	Set()
All newly invalidated sources after taking into account (previously) recompiled sources:Set()
Total time: 2 s, completed 2016/03/07 3:33:29
> server-post-command-cleanup
> server-handle-next-server-request
> jobStop 7
Evaluating tasks: *:jobStop
Running task... Cancel: sbt.server.ServerTaskCancellation@6bc856f0, check cycles: false
Total time: 0 s, completed 2016/03/07 3:33:29
> server-post-command-cleanup
> server-handle-next-server-request
> backgroundRun
Evaluating tasks: compile:backgroundRun
Running task... Cancel: sbt.server.ServerTaskCancellation@71b2b64a, check cycles: false
Total time: 0 s, completed 2016/03/07 3:33:29
> server-post-command-cleanup
> server-handle-next-server-request
> root/playForkNotifyStart http://localhost:9000
Evaluating tasks: *:playForkNotifyStart
Running task... Cancel: sbt.server.ServerTaskCancellation@764e91eb, check cycles: false
Total time: 0 s, completed 2016/03/07 3:33:29
> server-post-command-cleanup
> server-handle-next-server-request
> {file:/Users/keima/Downloads/act/MyApp001/}root/*:playForkConfig
Evaluating tasks: *:playForkConfig
Running task... Cancel: sbt.server.ServerTaskCancellation@ac763f6, check cycles: false
Total time: 0 s, completed 2016/03/07 3:33:33
> server-post-command-cleanup
> server-handle-next-server-request
> root/playForkNotifyStart http://localhost:9000
Evaluating tasks: *:playForkNotifyStart
Running task... Cancel: sbt.server.ServerTaskCancellation@6726cadf, check cycles: false
Total time: 0 s, completed 2016/03/07 3:33:35
> server-post-command-cleanup
> server-handle-next-server-request
> {file:/Users/keima/Downloads/act/MyApp001/}root/*:playForkReload
Evaluating tasks: *:playForkReload
Running task... Cancel: sbt.server.ServerTaskCancellation@634551c3, check cycles: false

Initial source changes: 
	removed:Set()
	added: Set()
	modified: Set()
Removed products: Set()
External API changes: API Changes: Set()
Modified binary dependencies: Set()
Initial directly invalidated sources: Set()

Sources indirectly invalidated by:
	product: Set()
	binary dep: Set()
	external source: Set()
All initially invalidated sources: Set()

Copy resource mappings: 
	(/Users/keima/Downloads/act/MyApp001/conf/application.conf,/Users/keima/Downloads/act/MyApp001/target/scala-2.11/classes/application.conf)
	(/Users/keima/Downloads/act/MyApp001/conf/evolutions,/Users/keima/Downloads/act/MyApp001/target/scala-2.11/classes/evolutions)
	(/Users/keima/Downloads/act/MyApp001/conf/logback.xml,/Users/keima/Downloads/act/MyApp001/target/scala-2.11/classes/logback.xml)
	(/Users/keima/Downloads/act/MyApp001/conf/routes,/Users/keima/Downloads/act/MyApp001/target/scala-2.11/classes/routes)
	(/Users/keima/Downloads/act/MyApp001/conf/evolutions/default,/Users/keima/Downloads/act/MyApp001/target/scala-2.11/classes/evolutions/default)
	(/Users/keima/Downloads/act/MyApp001/conf/evolutions/default/1.sql,/Users/keima/Downloads/act/MyApp001/target/scala-2.11/classes/evolutions/default/1.sql)
Total time: 2 s, completed 2016/03/07 3:34:00
> server-post-command-cleanup
> server-handle-next-server-request
> compile
Evaluating tasks: compile:compile
Running task... Cancel: sbt.server.ServerTaskCancellation@375cc9fa, check cycles: false

Initial source changes: 
	removed:Set()
	added: Set()
	modified: Set(/Users/keima/Downloads/act/MyApp001/app/controllers/GetStory.java)
Removed products: Set()
External API changes: API Changes: Set()
Modified binary dependencies: Set()
Initial directly invalidated sources: Set(/Users/keima/Downloads/act/MyApp001/app/controllers/GetStory.java)

Sources indirectly invalidated by:
	product: Set()
	binary dep: Set()
	external source: Set()
All initially invalidated sources: Set(/Users/keima/Downloads/act/MyApp001/app/controllers/GetStory.java)

Read from stdout: Compiling 1 Java source to /Users/keima/Downloads/act/MyApp001/target/scala-2.11/classes...
Compiling 1 Java source to /Users/keima/Downloads/act/MyApp001/target/scala-2.11/classes...
Attempting to call com.sun.tools.javac.api.JavacTool@9ebae59 directly...
Java compilation took 0.189750232 s
Java analysis took 0.354478576 s
Java compile + analysis took 0.556441367 s
New invalidations:
	Set()
Initial set of included nodes: Set()
Previously invalidated, but (transitively) depend on new invalidations:
	Set()
All newly invalidated sources after taking into account (previously) recompiled sources:Set()
Total time: 2 s, completed 2016/03/07 8:32:57
> server-post-command-cleanup
> server-handle-next-server-request
> jobStop 8
Evaluating tasks: *:jobStop
Running task... Cancel: sbt.server.ServerTaskCancellation@4337bb9f, check cycles: false
Total time: 0 s, completed 2016/03/07 8:32:57
> server-post-command-cleanup
> server-handle-next-server-request
> backgroundRun
Evaluating tasks: compile:backgroundRun
Running task... Cancel: sbt.server.ServerTaskCancellation@72e850b5, check cycles: false
Total time: 0 s, completed 2016/03/07 8:32:57
> server-post-command-cleanup
> server-handle-next-server-request
> {file:/Users/keima/Downloads/act/MyApp001/}root/*:playForkConfig
Evaluating tasks: *:playForkConfig
Running task... Cancel: sbt.server.ServerTaskCancellation@59cb7b4, check cycles: false
Total time: 0 s, completed 2016/03/07 8:33:01
> server-post-command-cleanup
> server-handle-next-server-request
> root/playForkNotifyStart http://localhost:9000
Evaluating tasks: *:playForkNotifyStart
Running task... Cancel: sbt.server.ServerTaskCancellation@27febb6f, check cycles: false
Total time: 0 s, completed 2016/03/07 8:33:03
> server-post-command-cleanup
> server-handle-next-server-request
> compile
Evaluating tasks: compile:compile
Running task... Cancel: sbt.server.ServerTaskCancellation@3bac4932, check cycles: false

Initial source changes: 
	removed:Set()
	added: Set()
	modified: Set(/Users/keima/Downloads/act/MyApp001/app/controllers/GetStory.java)
Removed products: Set()
External API changes: API Changes: Set()
Modified binary dependencies: Set()
Initial directly invalidated sources: Set(/Users/keima/Downloads/act/MyApp001/app/controllers/GetStory.java)

Sources indirectly invalidated by:
	product: Set()
	binary dep: Set()
	external source: Set()
All initially invalidated sources: Set(/Users/keima/Downloads/act/MyApp001/app/controllers/GetStory.java)

Read from stdout: Compiling 1 Java source to /Users/keima/Downloads/act/MyApp001/target/scala-2.11/classes...
Compiling 1 Java source to /Users/keima/Downloads/act/MyApp001/target/scala-2.11/classes...
Attempting to call com.sun.tools.javac.api.JavacTool@37c7253 directly...
Read from stdout: /Users/keima/Downloads/act/MyApp001/app/controllers/GetStory.java:53: シンボルを見つけられません
Read from stdout: シンボル:   変数 put
Read from stdout: 場所: クラス java.lang.System
/Users/keima/Downloads/act/MyApp001/app/controllers/GetStory.java:53: シンボルを見つけられません
  シンボル:   変数 put
  場所: クラス java.lang.System
Read from stdout: System.put
System.put
Read from stdout: (compile:compileIncremental) javac returned nonzero exit code
(compile:compileIncremental) javac returned nonzero exit code
Total time: 1 s, completed 2016/03/07 8:33:30
> server-post-command-error-handler
> server-post-command-cleanup
> server-handle-next-server-request
> compile
Evaluating tasks: compile:compile
Running task... Cancel: sbt.server.ServerTaskCancellation@59c73ee8, check cycles: false

Initial source changes: 
	removed:Set()
	added: Set()
	modified: Set(/Users/keima/Downloads/act/MyApp001/app/controllers/GetStory.java)
Removed products: Set()
External API changes: API Changes: Set()
Modified binary dependencies: Set()
Initial directly invalidated sources: Set(/Users/keima/Downloads/act/MyApp001/app/controllers/GetStory.java)

Sources indirectly invalidated by:
	product: Set()
	binary dep: Set()
	external source: Set()
All initially invalidated sources: Set(/Users/keima/Downloads/act/MyApp001/app/controllers/GetStory.java)

Read from stdout: Compiling 1 Java source to /Users/keima/Downloads/act/MyApp001/target/scala-2.11/classes...
Compiling 1 Java source to /Users/keima/Downloads/act/MyApp001/target/scala-2.11/classes...
Attempting to call com.sun.tools.javac.api.JavacTool@659da214 directly...
Java compilation took 0.153592465 s
Java analysis took 0.110256008 s
Java compile + analysis took 0.28375253 s
New invalidations:
	Set()
Initial set of included nodes: Set()
Previously invalidated, but (transitively) depend on new invalidations:
	Set()
All newly invalidated sources after taking into account (previously) recompiled sources:Set()
Total time: 1 s, completed 2016/03/07 8:33:37
> server-post-command-cleanup
> server-handle-next-server-request
> jobStop 9
Evaluating tasks: *:jobStop
Running task... Cancel: sbt.server.ServerTaskCancellation@65c192b4, check cycles: false
Total time: 0 s, completed 2016/03/07 8:33:37
> server-post-command-cleanup
> server-handle-next-server-request
> backgroundRun
Evaluating tasks: compile:backgroundRun
Running task... Cancel: sbt.server.ServerTaskCancellation@4813a69e, check cycles: false
Total time: 0 s, completed 2016/03/07 8:33:37
> server-post-command-cleanup
> server-handle-next-server-request
> {file:/Users/keima/Downloads/act/MyApp001/}root/*:playForkConfig
Evaluating tasks: *:playForkConfig
Running task... Cancel: sbt.server.ServerTaskCancellation@146fb5a5, check cycles: false
Total time: 0 s, completed 2016/03/07 8:33:41
> server-post-command-cleanup
> server-handle-next-server-request
> root/playForkNotifyStart http://localhost:9000
Evaluating tasks: *:playForkNotifyStart
Running task... Cancel: sbt.server.ServerTaskCancellation@58934d4b, check cycles: false
Total time: 0 s, completed 2016/03/07 8:33:43
> server-post-command-cleanup
> server-handle-next-server-request
> {file:/Users/keima/Downloads/act/MyApp001/}root/*:playForkReload
Evaluating tasks: *:playForkReload
Running task... Cancel: sbt.server.ServerTaskCancellation@72abff32, check cycles: false

Initial source changes: 
	removed:Set()
	added: Set()
	modified: Set()
Removed products: Set()
External API changes: API Changes: Set()
Modified binary dependencies: Set()
Initial directly invalidated sources: Set()

Sources indirectly invalidated by:
	product: Set()
	binary dep: Set()
	external source: Set()
All initially invalidated sources: Set()

Copy resource mappings: 
	(/Users/keima/Downloads/act/MyApp001/conf/application.conf,/Users/keima/Downloads/act/MyApp001/target/scala-2.11/classes/application.conf)
	(/Users/keima/Downloads/act/MyApp001/conf/evolutions,/Users/keima/Downloads/act/MyApp001/target/scala-2.11/classes/evolutions)
	(/Users/keima/Downloads/act/MyApp001/conf/logback.xml,/Users/keima/Downloads/act/MyApp001/target/scala-2.11/classes/logback.xml)
	(/Users/keima/Downloads/act/MyApp001/conf/routes,/Users/keima/Downloads/act/MyApp001/target/scala-2.11/classes/routes)
	(/Users/keima/Downloads/act/MyApp001/conf/evolutions/default,/Users/keima/Downloads/act/MyApp001/target/scala-2.11/classes/evolutions/default)
	(/Users/keima/Downloads/act/MyApp001/conf/evolutions/default/1.sql,/Users/keima/Downloads/act/MyApp001/target/scala-2.11/classes/evolutions/default/1.sql)
Total time: 1 s, completed 2016/03/07 8:33:47
> server-post-command-cleanup
> server-handle-next-server-request
> jobStop 10
Evaluating tasks: *:jobStop
Running task... Cancel: sbt.server.ServerTaskCancellation@1baf28a2, check cycles: false
Total time: 0 s, completed 2016/03/07 8:33:56
> server-post-command-cleanup
> server-handle-next-server-request
> compile
Evaluating tasks: compile:compile
Running task... Cancel: sbt.server.ServerTaskCancellation@7884ddbe, check cycles: false

Initial source changes: 
	removed:Set()
	added: Set()
	modified: Set(/Users/keima/Downloads/act/MyApp001/app/controllers/GetStory.java)
Removed products: Set()
External API changes: API Changes: Set()
Modified binary dependencies: Set()
Initial directly invalidated sources: Set(/Users/keima/Downloads/act/MyApp001/app/controllers/GetStory.java)

Sources indirectly invalidated by:
	product: Set()
	binary dep: Set()
	external source: Set()
All initially invalidated sources: Set(/Users/keima/Downloads/act/MyApp001/app/controllers/GetStory.java)

Read from stdout: Compiling 1 Java source to /Users/keima/Downloads/act/MyApp001/target/scala-2.11/classes...
Compiling 1 Java source to /Users/keima/Downloads/act/MyApp001/target/scala-2.11/classes...
Attempting to call com.sun.tools.javac.api.JavacTool@e47a814 directly...
Java compilation took 0.111370918 s
Java analysis took 0.068922006 s
Java compile + analysis took 0.18829668 s
New invalidations:
	Set()
Initial set of included nodes: Set()
Previously invalidated, but (transitively) depend on new invalidations:
	Set()
All newly invalidated sources after taking into account (previously) recompiled sources:Set()
Total time: 1 s, completed 2016/03/07 8:34:29
> server-post-command-cleanup
> server-handle-next-server-request
> backgroundRun
Evaluating tasks: compile:backgroundRun
Running task... Cancel: sbt.server.ServerTaskCancellation@265e0420, check cycles: false
Total time: 0 s, completed 2016/03/07 8:34:29
> server-post-command-cleanup
> server-handle-next-server-request
> {file:/Users/keima/Downloads/act/MyApp001/}root/*:playForkConfig
Evaluating tasks: *:playForkConfig
Running task... Cancel: sbt.server.ServerTaskCancellation@175206e2, check cycles: false
Total time: 0 s, completed 2016/03/07 8:34:32
> server-post-command-cleanup
> server-handle-next-server-request
> root/playForkNotifyStart http://localhost:9000
Evaluating tasks: *:playForkNotifyStart
Running task... Cancel: sbt.server.ServerTaskCancellation@292bf88e, check cycles: false
Total time: 0 s, completed 2016/03/07 8:34:34
> server-post-command-cleanup
> server-handle-next-server-request
> {file:/Users/keima/Downloads/act/MyApp001/}root/*:playForkReload
Evaluating tasks: *:playForkReload
Running task... Cancel: sbt.server.ServerTaskCancellation@3a826833, check cycles: false

Initial source changes: 
	removed:Set()
	added: Set()
	modified: Set()
Removed products: Set()
External API changes: API Changes: Set()
Modified binary dependencies: Set()
Initial directly invalidated sources: Set()

Sources indirectly invalidated by:
	product: Set()
	binary dep: Set()
	external source: Set()
All initially invalidated sources: Set()

Copy resource mappings: 
	(/Users/keima/Downloads/act/MyApp001/conf/application.conf,/Users/keima/Downloads/act/MyApp001/target/scala-2.11/classes/application.conf)
	(/Users/keima/Downloads/act/MyApp001/conf/evolutions,/Users/keima/Downloads/act/MyApp001/target/scala-2.11/classes/evolutions)
	(/Users/keima/Downloads/act/MyApp001/conf/logback.xml,/Users/keima/Downloads/act/MyApp001/target/scala-2.11/classes/logback.xml)
	(/Users/keima/Downloads/act/MyApp001/conf/routes,/Users/keima/Downloads/act/MyApp001/target/scala-2.11/classes/routes)
	(/Users/keima/Downloads/act/MyApp001/conf/evolutions/default,/Users/keima/Downloads/act/MyApp001/target/scala-2.11/classes/evolutions/default)
	(/Users/keima/Downloads/act/MyApp001/conf/evolutions/default/1.sql,/Users/keima/Downloads/act/MyApp001/target/scala-2.11/classes/evolutions/default/1.sql)
Total time: 1 s, completed 2016/03/07 8:34:42
> server-post-command-cleanup
> server-handle-next-server-request
> jobStop 11
Evaluating tasks: *:jobStop
Running task... Cancel: sbt.server.ServerTaskCancellation@b54f49e, check cycles: false
Total time: 0 s, completed 2016/03/07 8:34:54
> server-post-command-cleanup
> server-handle-next-server-request
> {file:/Users/keima/Downloads/act/MyApp001/}root/compile:discoveredMainClasses
Evaluating tasks: compile:discoveredMainClasses
Running task... Cancel: sbt.server.ServerTaskCancellation@7ec87f9e, check cycles: false

Initial source changes: 
	removed:Set()
	added: Set()
	modified: Set()
Removed products: Set()
External API changes: API Changes: Set()
Modified binary dependencies: Set()
Initial directly invalidated sources: Set()

Sources indirectly invalidated by:
	product: Set()
	binary dep: Set()
	external source: Set()
All initially invalidated sources: Set()

Total time: 1 s, completed 2016/03/07 9:49:08
> server-post-command-cleanup
> server-handle-next-server-request
> {file:/Users/keima/Downloads/act/MyApp001/}root/compile:mainClass
Evaluating tasks: compile:mainClass
Running task... Cancel: sbt.server.ServerTaskCancellation@45bd57a5, check cycles: false
Total time: 0 s, completed 2016/03/07 9:49:08
> server-post-command-cleanup
> server-handle-next-server-request
Done executing sbt server engine, result Right(Exit(0))
Closing listening server socket
Waiting for socket thread
Waiting for request processor thread
Waiting for command engine result
Returning control to sbt launcher with result Exit(0)
Closing the 24957@keima-2.local logs at Mon Mar 07 09:49:08 JST 2016, goodbye.
